<?xml version="1.0" encoding="UTF-8"?>
<!-- Generated by org.testng.reporters.JUnitReportReporter -->
<testsuite skipped="0" hostname="IN-kpraveek-1" name="com.employeeapi.testCases.TC005_DELETE_Employee_Record" tests="2" failures="0" timestamp="14 Dec 2019 07:28:28 GMT" time="0.002" errors="0">
  <testcase name="checkStatusCode" time="0.001" classname="com.employeeapi.testCases.TC005_DELETE_Employee_Record"/>
  <testcase name="checkResponseBody" time="0.001" classname="com.employeeapi.testCases.TC005_DELETE_Employee_Record"/>
</testsuite> <!-- com.employeeapi.testCases.TC005_DELETE_Employee_Record -->
