<?xml version="1.0" encoding="UTF-8"?>
<!-- Generated by org.testng.reporters.JUnitXMLReporter -->
<testsuite hostname="IN-kpraveek-1" ignored="0" name="Default test" tests="7" failures="0" timestamp="14 Dec 2019 06:54:20 GMT" time="7.943" errors="0">
  <testcase name="checkContentType" time="0.006" classname="com.employeeapi.testCases.TC002_Get_Single_Employee"/>
  <testcase name="checkCookies" time="0.002" classname="com.employeeapi.testCases.TC002_Get_Single_Employee"/>
  <testcase name="checkResponseBody" time="0.018" classname="com.employeeapi.testCases.TC002_Get_Single_Employee"/>
  <testcase name="checkResponseTime" time="0.001" classname="com.employeeapi.testCases.TC002_Get_Single_Employee"/>
  <testcase name="checkStatusCode" time="0.001" classname="com.employeeapi.testCases.TC002_Get_Single_Employee"/>
  <testcase name="checkStatusLine" time="0.001" classname="com.employeeapi.testCases.TC002_Get_Single_Employee"/>
  <testcase name="contentLength" time="0.001" classname="com.employeeapi.testCases.TC002_Get_Single_Employee"/>
</testsuite> <!-- Default test -->
