<?xml version="1.0" encoding="UTF-8"?>
<!-- Generated by org.testng.reporters.JUnitXMLReporter -->
<testsuite hostname="IN-kpraveek-1" ignored="0" name="RestAssuredTests" tests="19" failures="0" timestamp="14 Dec 2019 07:28:28 GMT" time="30.596" errors="0">
  <testcase name="checkContentType" time="0.136" classname="com.employeeapi.testCases.TC001_Get_All_Employees"/>
  <testcase name="checkCookies" time="0.002" classname="com.employeeapi.testCases.TC001_Get_All_Employees"/>
  <testcase name="checkResponseBody" time="0.02" classname="com.employeeapi.testCases.TC001_Get_All_Employees"/>
  <testcase name="checkResponseTime" time="0.003" classname="com.employeeapi.testCases.TC001_Get_All_Employees"/>
  <testcase name="checkStatusCode" time="0.002" classname="com.employeeapi.testCases.TC001_Get_All_Employees"/>
  <testcase name="checkStatusLine" time="0.003" classname="com.employeeapi.testCases.TC001_Get_All_Employees"/>
  <testcase name="checkContentType" time="0.005" classname="com.employeeapi.testCases.TC002_Get_Single_Employee"/>
  <testcase name="checkCookies" time="0.002" classname="com.employeeapi.testCases.TC002_Get_Single_Employee"/>
  <testcase name="checkResponseBody" time="0.002" classname="com.employeeapi.testCases.TC002_Get_Single_Employee"/>
  <testcase name="checkResponseTime" time="0.003" classname="com.employeeapi.testCases.TC002_Get_Single_Employee"/>
  <testcase name="checkStatusCode" time="0.001" classname="com.employeeapi.testCases.TC002_Get_Single_Employee"/>
  <testcase name="checkStatusLine" time="0.002" classname="com.employeeapi.testCases.TC002_Get_Single_Employee"/>
  <testcase name="contentLength" time="0.001" classname="com.employeeapi.testCases.TC002_Get_Single_Employee"/>
  <testcase name="checkResponseBody" time="0.001" classname="com.employeeapi.testCases.TC003_POST_Employee_Record"/>
  <testcase name="checkStatusCode" time="0.001" classname="com.employeeapi.testCases.TC003_POST_Employee_Record"/>
  <testcase name="checkResponseBody" time="0.001" classname="com.employeeapi.testCases.TC004_PUT_Employee_Record"/>
  <testcase name="checkStatusCode" time="0.002" classname="com.employeeapi.testCases.TC004_PUT_Employee_Record"/>
  <testcase name="checkResponseBody" time="0.001" classname="com.employeeapi.testCases.TC005_DELETE_Employee_Record"/>
  <testcase name="checkStatusCode" time="0.001" classname="com.employeeapi.testCases.TC005_DELETE_Employee_Record"/>
</testsuite> <!-- RestAssuredTests -->
